<?xml version="1.0" encoding="UTF-8"?>
<!-- Generated by org.testng.reporters.JUnitXMLReporter -->
<testsuite ignored="0" hostname="PC" failures="0" tests="3" name="Submit Order Test" time="49.777" errors="0" timestamp="2022-10-20T19:38:51 EDT">
  <testcase classname="rahulshettyacademy.SeleniumFrameworkDesign.SubmitOrderTest2" name="submitOrder" time="9.137"/>
  <testcase classname="rahulshettyacademy.SeleniumFrameworkDesign.SubmitOrderTest2" name="submitOrder" time="7.771"/>
  <testcase classname="rahulshettyacademy.SeleniumFrameworkDesign.SubmitOrderTest2" name="OrderHistoryTest" time="1.264"/>
</testsuite> <!-- Submit Order Test -->
